<?xml version="1.0" encoding="UTF-8"?>
<testng-results ignored="0" total="1" passed="1" failed="0" skipped="0">
  <reporter-output>
  </reporter-output>
  <suite started-at="2025-11-15T21:25:10 IST" name="Default suite" finished-at="2025-11-15T21:25:28 IST" duration-ms="17805">
    <groups>
    </groups>
    <test started-at="2025-11-15T21:25:10 IST" name="Default test" finished-at="2025-11-15T21:25:28 IST" duration-ms="17805">
      <class name="OrangeHrm.Orange">
        <test-method is-config="true" signature="setUp()[pri:0, instance:OrangeHrm.Orange@7c9d8e2]" started-at="2025-11-15T21:25:10 IST" name="setUp" finished-at="2025-11-15T21:25:22 IST" duration-ms="11816" status="PASS">
          <reporter-output>
          </reporter-output>
        </test-method> <!-- setUp -->
        <test-method signature="getdata(java.lang.String,java.lang.String)[pri:0, instance:OrangeHrm.Orange@7c9d8e2]" started-at="2025-11-15T21:25:22 IST" name="getdata" data-provider="login" finished-at="2025-11-15T21:25:28 IST" duration-ms="5833" status="PASS">
          <params>
            <param index="0">
              <value>
                <![CDATA[Admin]]>
              </value>
            </param>
            <param index="1">
              <value>
                <![CDATA[admin123]]>
              </value>
            </param>
          </params>
          <reporter-output>
          </reporter-output>
        </test-method> <!-- getdata -->
      </class> <!-- OrangeHrm.Orange -->
    </test> <!-- Default test -->
  </suite> <!-- Default suite -->
</testng-results>
